WARNING: You're using the Ruby-based MySQL library that ships with Rails. This library is not suited for production. Please install the C-based MySQL library instead (gem install mysql).
  [4;36;1mSQL (0.000191)[0m   [0;1mSET NAMES 'utf8'[0m
  [4;35;1mSQL (0.000149)[0m   [0mSET SQL_AUTO_IS_NULL=0[0m
  [4;36;1mSQL (0.000000)[0m   [0;1mMysql::Error: #42S02Table 'referenz2_development.schema_info' doesn't exist: SELECT * FROM schema_info[0m
  [4;35;1mSQL (0.001080)[0m   [0mSHOW TABLES[0m
WARNING: You're using the Ruby-based MySQL library that ships with Rails. This library is not suited for production. Please install the C-based MySQL library instead (gem install mysql).
  [4;36;1mSQL (0.000187)[0m   [0;1mSET NAMES 'utf8'[0m
  [4;35;1mSQL (0.000150)[0m   [0mSET SQL_AUTO_IS_NULL=0[0m
  [4;36;1mSQL (0.000184)[0m   [0;1mSET NAMES 'utf8'[0m
  [4;35;1mSQL (0.000150)[0m   [0mSET SQL_AUTO_IS_NULL=0[0m
  [4;36;1mSQL (0.000622)[0m   [0;1mCREATE DATABASE `referenz2_production` DEFAULT CHARACTER SET `utf8` COLLATE `utf8_general_ci`[0m
  [4;35;1mSQL (0.000177)[0m   [0mSET NAMES 'utf8'[0m
  [4;36;1mSQL (0.000150)[0m   [0;1mSET SQL_AUTO_IS_NULL=0[0m
  [4;35;1mSQL (0.000592)[0m   [0mCREATE DATABASE `referenz2_test` DEFAULT CHARACTER SET `utf8` COLLATE `utf8_general_ci`[0m
WARNING: You're using the Ruby-based MySQL library that ships with Rails. This library is not suited for production. Please install the C-based MySQL library instead (gem install mysql).
  [4;36;1mSQL (0.000188)[0m   [0;1mSET NAMES 'utf8'[0m
  [4;35;1mSQL (0.000148)[0m   [0mSET SQL_AUTO_IS_NULL=0[0m
  [4;36;1mSQL (0.000000)[0m   [0;1mMysql::Error: #42S02Table 'referenz2_development.schema_info' doesn't exist: SELECT * FROM schema_info[0m
  [4;35;1mSQL (0.000498)[0m   [0mSHOW TABLES[0m
  [4;36;1mSQL (0.000177)[0m   [0;1mSET NAMES 'utf8'[0m
  [4;35;1mSQL (0.000146)[0m   [0mSET SQL_AUTO_IS_NULL=0[0m
  [4;36;1mSQL (0.035986)[0m   [0;1mDROP DATABASE IF EXISTS `referenz2_test`[0m
  [4;35;1mSQL (0.039053)[0m   [0mCREATE DATABASE `referenz2_test` DEFAULT CHARACTER SET `utf8`[0m
WARNING: You're using the Ruby-based MySQL library that ships with Rails. This library is not suited for production. Please install the C-based MySQL library instead (gem install mysql).
  [4;36;1mSQL (0.000202)[0m   [0;1mSET NAMES 'utf8'[0m
  [4;35;1mSQL (0.000149)[0m   [0mSET SQL_AUTO_IS_NULL=0[0m
  [4;36;1mSQL (0.000000)[0m   [0;1mMysql::Error: #42S02Table 'referenz2_development.schema_info' doesn't exist: SELECT * FROM schema_info[0m
  [4;35;1mSQL (0.000495)[0m   [0mSHOW TABLES[0m
  [4;36;1mSQL (0.000173)[0m   [0;1mSET NAMES 'utf8'[0m
  [4;35;1mSQL (0.000148)[0m   [0mSET SQL_AUTO_IS_NULL=0[0m
  [4;36;1mSQL (0.000578)[0m   [0;1mDROP DATABASE IF EXISTS `referenz2_test`[0m
  [4;35;1mSQL (0.000450)[0m   [0mCREATE DATABASE `referenz2_test` DEFAULT CHARACTER SET `utf8`[0m
