

Processing PagesController#index (for 127.0.0.1 at 2007-12-09 12:19:38) [GET]
  Session ID: BAh7BiIKZmxhc2hJQzonQWN0aW9uQ29udHJvbGxlcjo6Rmxhc2g6OkZsYXNo%0ASGFzaHsABjoKQHVzZWR7AA%3D%3D--97450fb8147d7df1d35e930407103b11a0d8a2a0
  Parameters: {"action"=>"index", "controller"=>"pages"}
Rendering pages/index
Completed in 0.02300 (43 reqs/sec) | Rendering: 0.01100 (47%) | DB: 0.00000 (0%) | 200 OK [http://localhost/pages]


Processing PagesController#index (for 127.0.0.1 at 2007-12-09 12:19:41) [GET]
  Session ID: BAh7BiIKZmxhc2hJQzonQWN0aW9uQ29udHJvbGxlcjo6Rmxhc2g6OkZsYXNo%0ASGFzaHsABjoKQHVzZWR7AA%3D%3D--97450fb8147d7df1d35e930407103b11a0d8a2a0
  Parameters: {"action"=>"index", "controller"=>"pages"}
Rendering pages/index
Completed in 0.00700 (142 reqs/sec) | Rendering: 0.00400 (57%) | DB: 0.00000 (0%) | 200 OK [http://localhost/pages]


Processing PagesController#index (for 127.0.0.1 at 2007-12-09 12:19:42) [GET]
  Session ID: BAh7BiIKZmxhc2hJQzonQWN0aW9uQ29udHJvbGxlcjo6Rmxhc2g6OkZsYXNo%0ASGFzaHsABjoKQHVzZWR7AA%3D%3D--97450fb8147d7df1d35e930407103b11a0d8a2a0
  Parameters: {"action"=>"index", "controller"=>"pages"}
Rendering pages/index
Completed in 0.00700 (142 reqs/sec) | Rendering: 0.00300 (42%) | DB: 0.00000 (0%) | 200 OK [http://localhost/pages]


Processing PagesController#index (for 127.0.0.1 at 2007-12-09 12:19:43) [GET]
  Session ID: BAh7BiIKZmxhc2hJQzonQWN0aW9uQ29udHJvbGxlcjo6Rmxhc2g6OkZsYXNo%0ASGFzaHsABjoKQHVzZWR7AA%3D%3D--97450fb8147d7df1d35e930407103b11a0d8a2a0
  Parameters: {"action"=>"index", "controller"=>"pages"}
Rendering pages/index
Completed in 0.00600 (166 reqs/sec) | Rendering: 0.00400 (66%) | DB: 0.00000 (0%) | 200 OK [http://localhost/pages]


Processing PagesController#index (for 127.0.0.1 at 2007-12-09 12:19:44) [GET]
  Session ID: BAh7BiIKZmxhc2hJQzonQWN0aW9uQ29udHJvbGxlcjo6Rmxhc2g6OkZsYXNo%0ASGFzaHsABjoKQHVzZWR7AA%3D%3D--97450fb8147d7df1d35e930407103b11a0d8a2a0
  Parameters: {"action"=>"index", "controller"=>"pages"}
Rendering pages/index
Completed in 0.00900 (111 reqs/sec) | Rendering: 0.00600 (66%) | DB: 0.00000 (0%) | 200 OK [http://localhost/pages]


Processing PagesController#index (for 127.0.0.1 at 2007-12-09 12:19:44) [GET]
  Session ID: BAh7BiIKZmxhc2hJQzonQWN0aW9uQ29udHJvbGxlcjo6Rmxhc2g6OkZsYXNo%0ASGFzaHsABjoKQHVzZWR7AA%3D%3D--97450fb8147d7df1d35e930407103b11a0d8a2a0
  Parameters: {"action"=>"index", "controller"=>"pages"}
Rendering pages/index
Completed in 0.01000 (99 reqs/sec) | Rendering: 0.00400 (39%) | DB: 0.00000 (0%) | 200 OK [http://localhost/pages]
